{
  "RSpec": {
    "coverage": {
      "/Users/jgp/dl/dev/nyudl-text/lib/nyudl/text/base.rb": [
        1,
        null,
        1,
        1,
        null,
        null,
        null,
        null,
        null,
        1,
        null,
        null,
        null,
        null,
        null,
        null,
        null,
        null,
        null,
        null,
        null,
        null,
        null,
        null,
        null,
        null,
        null,
        null,
        null,
        null,
        null,
        null,
        null,
        null,
        null,
        null,
        null,
        null,
        null,
        null,
        null,
        null,
        null,
        null,
        null,
        null,
        null,
        null,
        null,
        null,
        null,
        null,
        null,
        null,
        null,
        null,
        null,
        1,
        30,
        29,
        null,
        29,
        29,
        29,
        29,
        null,
        29,
        29,
        29,
        29,
        null,
        null,
        null,
        null,
        null,
        null,
        null,
        null,
        null,
        null,
        null,
        null,
        null,
        null,
        null,
        null,
        null,
        null,
        1,
        null,
        null,
        15,
        null,
        null,
        null,
        null,
        null,
        null,
        null,
        null,
        null,
        null,
        null,
        1,
        23,
        23,
        null,
        null,
        null,
        null,
        null,
        null,
        null,
        null,
        null,
        null,
        null,
        null,
        null,
        null,
        null,
        null,
        null,
        null,
        null,
        null,
        null,
        null,
        null,
        null,
        1,
        null,
        36,
        null,
        null,
        null,
        null,
        1,
        31,
        null,
        1,
        4,
        3,
        2,
        null,
        1,
        4,
        7,
        5,
        null,
        1,
        73,
        null,
        1,
        28,
        null,
        null,
        null,
        1,
        null,
        null,
        null,
        null,
        null,
        null,
        1,
        23,
        23,
        23,
        null,
        23,
        23,
        0,
        0,
        null,
        null,
        null,
        23,
        78,
        null,
        32,
        null,
        32,
        null,
        32,
        null,
        null,
        32,
        32,
        null,
        23,
        null,
        null,
        1,
        2,
        2,
        2,
        1,
        null,
        null,
        null,
        2,
        null,
        null,
        1,
        23,
        null,
        null,
        1,
        25,
        null,
        null,
        1,
        2,
        2,
        1,
        null,
        2,
        null,
        null,
        null,
        null,
        1,
        64,
        null,
        null,
        null,
        null,
        null
      ],
      "/Users/jgp/dl/dev/nyudl-text/lib/nyudl/text/sequence_checker.rb": [
        null,
        1,
        1,
        null,
        null,
        null
      ],
      "/Users/jgp/dl/dev/nyudl-text/lib/nyudl/text/state_machine.rb": [
        null,
        1,
        null,
        1,
        1,
        1,
        null,
        1,
        1,
        1,
        1,
        1,
        1,
        1,
        1,
        null,
        1,
        1,
        null,
        1,
        1,
        null,
        1,
        1,
        null,
        1,
        1,
        null,
        1,
        1,
        null,
        1,
        1,
        null,
        null,
        null,
        null
      ],
      "/Users/jgp/dl/dev/nyudl-text/lib/nyudl/text/front_matter_number.rb": [
        1,
        1,
        1,
        1,
        null,
        1,
        null,
        1,
        151,
        151,
        151,
        151,
        null,
        151,
        null,
        null,
        1,
        29,
        29,
        28,
        null,
        null,
        null,
        null
      ],
      "/Users/jgp/dl/dev/nyudl-text/lib/nyudl/text/back_matter_number.rb": [
        1,
        1,
        1,
        1,
        null,
        1,
        null,
        1,
        151,
        151,
        151,
        151,
        null,
        151,
        null,
        null,
        1,
        20,
        20,
        19,
        null,
        null,
        null,
        null
      ],
      "/Users/jgp/dl/dev/nyudl-text/lib/nyudl/text/filename.rb": [
        1,
        1,
        1,
        1,
        null,
        1,
        null,
        143,
        143,
        143,
        143,
        143,
        143,
        null,
        null,
        null,
        143,
        143,
        143,
        143,
        null,
        null,
        null,
        143,
        null,
        null,
        2,
        null,
        null,
        null,
        null,
        null,
        null,
        25,
        25,
        25,
        null,
        null,
        null,
        null,
        10,
        10,
        10,
        null,
        null,
        null,
        null,
        8,
        8,
        8,
        null,
        null,
        4,
        null,
        null,
        null,
        null,
        null,
        9,
        9,
        9,
        9,
        null,
        null,
        null,
        10,
        10,
        10,
        10,
        null,
        null,
        null,
        5,
        5,
        5,
        5,
        null,
        null,
        null,
        null,
        null,
        10,
        10,
        10,
        10,
        10,
        null,
        null,
        null,
        7,
        7,
        7,
        7,
        7,
        null,
        null,
        null,
        5,
        5,
        5,
        5,
        5,
        null,
        null,
        null,
        null,
        null,
        null,
        null,
        null,
        null,
        null,
        null,
        null,
        null,
        null,
        null,
        null,
        null,
        33,
        null,
        null,
        15,
        null,
        null,
        null,
        1,
        131,
        null,
        null,
        1,
        null,
        50,
        40,
        null,
        null,
        null,
        null,
        null,
        null,
        null,
        null
      ],
      "/Users/jgp/dl/dev/nyudl-text/lib/nyudl/text/insert_number.rb": [
        1,
        1,
        1,
        1,
        null,
        1,
        1,
        null,
        1,
        151,
        151,
        null,
        151,
        null,
        151,
        null,
        151,
        null,
        null,
        1,
        26,
        26,
        25,
        null,
        null,
        null,
        null
      ],
      "/Users/jgp/dl/dev/nyudl-text/lib/nyudl/text/page_number.rb": [
        1,
        1,
        1,
        1,
        null,
        1,
        147,
        147,
        null,
        null,
        1,
        45,
        null,
        null,
        null,
        null
      ],
      "/Users/jgp/dl/dev/nyudl-text/lib/nyudl/text/errors.rb": [
        1,
        1,
        1,
        1,
        41,
        null,
        1,
        23,
        23,
        23,
        null,
        1,
        24,
        null,
        1,
        18,
        null,
        1,
        6,
        null,
        1,
        1,
        47,
        null,
        null,
        null,
        null
      ],
      "/Users/jgp/dl/dev/nyudl-text/lib/nyudl/text/echo.rb": [
        null,
        1,
        1,
        1,
        1,
        1,
        null,
        null,
        null,
        null
      ],
      "/Users/jgp/dl/dev/nyudl-text/spec/nyudl/text/base_spec.rb": [
        1,
        1,
        null,
        1,
        null,
        null,
        1,
        13,
        13,
        13,
        null,
        13,
        null,
        null,
        null,
        null,
        1,
        5,
        5,
        5,
        null,
        5,
        null,
        null,
        null,
        null,
        1,
        10,
        10,
        10,
        10,
        null,
        null,
        null,
        1,
        null,
        1,
        2,
        2,
        null,
        1,
        1,
        2,
        null,
        null,
        null,
        null,
        null,
        1,
        null,
        1,
        3,
        1,
        1,
        null,
        1,
        1,
        1,
        null,
        null,
        null,
        1,
        2,
        1,
        1,
        1,
        null,
        null,
        null,
        null,
        null,
        1,
        1,
        1,
        1,
        1,
        null,
        1,
        1,
        1,
        null,
        4,
        1,
        1,
        null,
        null,
        null,
        null,
        null,
        1,
        1,
        3,
        1,
        1,
        null,
        1,
        1,
        1,
        null,
        null,
        null,
        null,
        null,
        1,
        1,
        5,
        null,
        1,
        1,
        null,
        null,
        1,
        1,
        1,
        null,
        null,
        1,
        1,
        1,
        null,
        null,
        null,
        null,
        1,
        1,
        1,
        1,
        null,
        null,
        null,
        1,
        5,
        null,
        1,
        1,
        null,
        null,
        1,
        1,
        1,
        null,
        null,
        1,
        1,
        1,
        null,
        null,
        1,
        1,
        1,
        1,
        null,
        null,
        null,
        null,
        null,
        null,
        null,
        1,
        1,
        2,
        1,
        1,
        null,
        null,
        null,
        1,
        2,
        1,
        1,
        1,
        null,
        null,
        null,
        1,
        2,
        1,
        1,
        1,
        null,
        null,
        null,
        1,
        2,
        1,
        1,
        1,
        null,
        null,
        null,
        null,
        null,
        null,
        1,
        1,
        3,
        1,
        2,
        null,
        1,
        1,
        1,
        1,
        1,
        1,
        1,
        1,
        1,
        1,
        null,
        null,
        null,
        1,
        2,
        1,
        1,
        1,
        1,
        1,
        1,
        1,
        1,
        1,
        1,
        1,
        null,
        null,
        null,
        1,
        2,
        1,
        1,
        1,
        1,
        1,
        2,
        null,
        null,
        null,
        null,
        null,
        null,
        1,
        null,
        1,
        2,
        1,
        1,
        null,
        null,
        null,
        1,
        2,
        1,
        1,
        1,
        null,
        null,
        null,
        1,
        2,
        1,
        1,
        1,
        null,
        null,
        null,
        1,
        2,
        1,
        1,
        2,
        null,
        null,
        null,
        null,
        null
      ],
      "/Users/jgp/dl/dev/nyudl-text/spec/nyudl/text/echo_spec.rb": [
        1,
        null,
        1,
        1,
        1,
        1,
        null,
        null,
        null,
        null
      ],
      "/Users/jgp/dl/dev/nyudl-text/spec/nyudl/text/errors_spec.rb": [
        1,
        null,
        1,
        1,
        2,
        null,
        null,
        3,
        null,
        1,
        1,
        1,
        null,
        null,
        null,
        1,
        1,
        1,
        1,
        1,
        1,
        null,
        null,
        null,
        1,
        null,
        1,
        2,
        1,
        1,
        null,
        null,
        null,
        1,
        1,
        1,
        1,
        1,
        1,
        null,
        null,
        1,
        1,
        1,
        null,
        null,
        null,
        null,
        1,
        null,
        1,
        2,
        1,
        1,
        null,
        null,
        null,
        1,
        3,
        3,
        3,
        3,
        null,
        null,
        1,
        1,
        null,
        1,
        1,
        null,
        1,
        1,
        null,
        null,
        null,
        1,
        1,
        2,
        2,
        2,
        null,
        null,
        1,
        1,
        null,
        null,
        1,
        1,
        null,
        null,
        null,
        1,
        null,
        1,
        2,
        1,
        1,
        null,
        null,
        null,
        1,
        1,
        1,
        1,
        1,
        1,
        null,
        null,
        1,
        1,
        null,
        null,
        null,
        null,
        null
      ],
      "/Users/jgp/dl/dev/nyudl-text/spec/nyudl/text/filename_spec.rb": [
        1,
        null,
        1,
        null,
        null,
        1,
        5,
        null,
        2,
        2,
        2,
        2,
        null,
        null,
        1,
        3,
        null,
        2,
        2,
        null,
        null,
        1,
        3,
        null,
        2,
        2,
        null,
        null,
        1,
        1,
        null,
        null,
        1,
        4,
        null,
        2,
        2,
        2,
        null,
        null,
        1,
        4,
        null,
        2,
        2,
        2,
        null,
        null,
        1,
        4,
        null,
        2,
        2,
        2,
        null,
        null,
        1,
        4,
        null,
        2,
        2,
        2,
        null,
        null,
        null,
        null,
        null,
        1,
        2,
        null,
        2,
        null,
        null,
        1,
        4,
        null,
        2,
        2,
        2,
        null,
        null,
        1,
        4,
        null,
        2,
        2,
        2,
        null,
        null,
        1,
        4,
        null,
        2,
        2,
        2,
        null,
        null,
        1,
        4,
        null,
        2,
        2,
        2,
        null,
        null,
        null,
        null,
        null,
        null,
        1,
        2,
        null,
        2,
        null,
        null,
        1,
        4,
        null,
        2,
        2,
        2,
        null,
        null,
        1,
        4,
        null,
        2,
        2,
        2,
        null,
        null,
        null,
        1,
        4,
        null,
        2,
        2,
        2,
        null,
        null,
        1,
        4,
        null,
        2,
        2,
        2,
        null,
        null,
        null,
        null,
        null,
        null,
        null,
        null,
        1,
        2,
        null,
        2,
        null,
        null,
        null,
        1,
        4,
        null,
        2,
        2,
        2,
        null,
        null,
        1,
        3,
        null,
        2,
        2,
        null,
        null,
        null,
        null,
        1,
        2,
        null,
        2,
        null,
        null,
        1,
        3,
        null,
        2,
        2,
        null,
        null,
        1,
        3,
        null,
        2,
        2,
        null,
        null,
        null,
        null,
        null,
        null,
        null,
        1,
        3,
        null,
        2,
        2,
        null,
        null,
        1,
        3,
        null,
        2,
        2,
        null,
        null,
        null,
        null,
        null,
        null,
        1,
        2,
        null,
        2,
        null,
        null,
        1,
        4,
        null,
        2,
        2,
        2,
        null,
        null,
        null,
        null,
        1,
        null,
        null,
        null,
        null,
        null,
        null,
        null,
        null,
        null,
        null,
        null,
        null,
        null,
        null,
        null,
        null,
        null,
        null,
        null,
        null,
        null,
        null,
        null,
        null,
        null,
        null,
        null,
        null,
        null,
        null,
        1,
        23,
        69,
        46,
        46,
        null,
        null,
        null,
        null
      ],
      "/Users/jgp/dl/dev/nyudl-text/spec/nyudl/text/front_matter_number_spec.rb": [
        1,
        null,
        1,
        null,
        1,
        4,
        null,
        2,
        2,
        2,
        null,
        null,
        1,
        3,
        null,
        2,
        2,
        null,
        null,
        1,
        2,
        2,
        null,
        null,
        1,
        2,
        null,
        null,
        1,
        2,
        null,
        null,
        null
      ],
      "/Users/jgp/dl/dev/nyudl-text/spec/nyudl/text/insert_number_spec.rb": [
        1,
        null,
        1,
        null,
        1,
        4,
        null,
        2,
        2,
        2,
        null,
        null,
        1,
        3,
        null,
        2,
        2,
        null,
        null,
        1,
        2,
        2,
        null,
        null,
        1,
        2,
        null,
        null,
        1,
        2,
        null,
        null,
        null
      ],
      "/Users/jgp/dl/dev/nyudl-text/spec/nyudl/text/page_number_spec.rb": [
        1,
        null,
        1,
        null,
        1,
        4,
        null,
        2,
        2,
        2,
        null,
        null,
        1,
        2,
        2,
        null,
        null,
        null
      ],
      "/Users/jgp/dl/dev/nyudl-text/spec/nyudl/text/sequence_checker_spec.rb": [
        1,
        null,
        1,
        1,
        2,
        null,
        2,
        null,
        null,
        null
      ],
      "/Users/jgp/dl/dev/nyudl-text/spec/nyudl/text/state_machine_spec.rb": [
        1,
        null,
        1,
        1,
        8,
        null,
        1,
        1,
        null,
        null,
        1,
        1,
        1,
        null,
        null,
        1,
        1,
        1,
        null,
        null,
        1,
        2,
        null,
        null,
        1,
        1,
        1,
        null,
        null,
        1,
        1,
        1,
        null,
        null,
        1,
        2,
        null,
        null,
        null,
        1,
        8,
        null,
        1,
        1,
        null,
        null,
        1,
        1,
        1,
        null,
        null,
        1,
        1,
        1,
        null,
        null,
        1,
        1,
        1,
        null,
        null,
        1,
        1,
        1,
        null,
        null,
        1,
        1,
        1,
        null,
        null,
        1,
        1,
        1,
        null,
        null,
        null,
        1,
        8,
        null,
        1,
        1,
        null,
        null,
        1,
        2,
        null,
        null,
        1,
        1,
        1,
        null,
        null,
        1,
        1,
        1,
        null,
        null,
        1,
        1,
        1,
        null,
        null,
        1,
        1,
        1,
        null,
        null,
        1,
        1,
        1,
        null,
        null,
        null,
        1,
        8,
        null,
        1,
        1,
        null,
        null,
        1,
        2,
        null,
        null,
        1,
        2,
        null,
        null,
        1,
        1,
        1,
        null,
        null,
        1,
        1,
        1,
        null,
        null,
        1,
        1,
        1,
        null,
        null,
        1,
        1,
        1,
        null,
        null,
        null,
        1,
        8,
        null,
        1,
        1,
        null,
        null,
        1,
        1,
        1,
        null,
        null,
        1,
        1,
        1,
        null,
        null,
        1,
        1,
        1,
        null,
        null,
        1,
        1,
        1,
        null,
        null,
        1,
        1,
        1,
        null,
        null,
        1,
        1,
        1,
        null,
        null,
        null,
        1,
        8,
        null,
        1,
        1,
        null,
        null,
        1,
        1,
        1,
        null,
        null,
        1,
        1,
        1,
        null,
        null,
        1,
        1,
        1,
        null,
        null,
        1,
        1,
        1,
        null,
        null,
        1,
        1,
        1,
        null,
        null,
        1,
        1,
        1,
        null,
        null,
        null,
        1,
        8,
        null,
        1,
        1,
        null,
        null,
        1,
        2,
        null,
        null,
        1,
        2,
        null,
        null,
        1,
        2,
        null,
        null,
        1,
        2,
        null,
        null,
        1,
        2,
        null,
        null,
        1,
        2,
        null,
        null,
        null,
        null,
        null,
        null,
        null,
        null,
        null,
        null,
        null,
        null,
        null,
        null,
        null,
        null,
        null,
        null,
        null,
        null,
        null,
        null,
        null,
        null,
        null,
        null,
        null,
        null,
        null,
        null,
        null,
        null,
        null,
        null
      ]
    },
    "timestamp": 1381172296
  }
}
